#! /usr/bin/vvp
:ivl_version "10.1 (stable)";
:ivl_delay_selection "TYPICAL";
:vpi_time_precision - 10;
:vpi_module "system";
:vpi_module "vhdl_sys";
:vpi_module "v2005_math";
:vpi_module "va_math";
S_0x562d89402d00 .scope module, "decoder_1_2" "decoder_1_2" 2 25;
 .timescale 0 0;
    .port_info 0 /INPUT 1 "j"
    .port_info 1 /OUTPUT 1 "o0"
    .port_info 2 /OUTPUT 1 "o1"
o0x7fa30e356018 .functor BUFZ 1, C4<z>; HiZ drive
L_0x562d89429660 .functor NOT 1, o0x7fa30e356018, C4<0>, C4<0>, C4<0>;
L_0x562d894296f0 .functor BUFZ 1, o0x7fa30e356018, C4<0>, C4<0>, C4<0>;
v0x562d893f3c40_0 .net "j", 0 0, o0x7fa30e356018;  0 drivers
v0x562d89426670_0 .net "o0", 0 0, L_0x562d89429660;  1 drivers
v0x562d89426730_0 .net "o1", 0 0, L_0x562d894296f0;  1 drivers
S_0x562d894041f0 .scope module, "demux_1_2" "demux_1_2" 2 19;
 .timescale 0 0;
    .port_info 0 /INPUT 1 "i"
    .port_info 1 /INPUT 1 "j"
    .port_info 2 /OUTPUT 1 "o0"
    .port_info 3 /OUTPUT 1 "o1"
o0x7fa30e356198 .functor BUFZ 1, C4<z>; HiZ drive
L_0x562d894297b0 .functor NOT 1, o0x7fa30e356198, C4<0>, C4<0>, C4<0>;
o0x7fa30e356168 .functor BUFZ 1, C4<z>; HiZ drive
L_0x562d89429850 .functor AND 1, o0x7fa30e356168, L_0x562d894297b0, C4<1>, C4<1>;
L_0x562d89429970 .functor AND 1, o0x7fa30e356168, o0x7fa30e356198, C4<1>, C4<1>;
v0x562d89426850_0 .net *"_s0", 0 0, L_0x562d894297b0;  1 drivers
v0x562d89426930_0 .net "i", 0 0, o0x7fa30e356168;  0 drivers
v0x562d894269f0_0 .net "j", 0 0, o0x7fa30e356198;  0 drivers
v0x562d89426ac0_0 .net "o0", 0 0, L_0x562d89429850;  1 drivers
v0x562d89426b80_0 .net "o1", 0 0, L_0x562d89429970;  1 drivers
S_0x562d89403a00 .scope module, "full_adder" "full_adder" 2 2;
 .timescale 0 0;
    .port_info 0 /INPUT 1 "a"
    .port_info 1 /INPUT 1 "b"
    .port_info 2 /INPUT 1 "c_in"
    .port_info 3 /OUTPUT 1 "s"
    .port_info 4 /OUTPUT 1 "c_out"
o0x7fa30e3563d8 .functor BUFZ 1, C4<z>; HiZ drive
o0x7fa30e356408 .functor BUFZ 1, C4<z>; HiZ drive
L_0x562d89429a80 .functor XOR 1, o0x7fa30e3563d8, o0x7fa30e356408, C4<0>, C4<0>;
o0x7fa30e356438 .functor BUFZ 1, C4<z>; HiZ drive
L_0x562d89429b20 .functor XOR 1, L_0x562d89429a80, o0x7fa30e356438, C4<0>, C4<0>;
L_0x562d89429c10 .functor AND 1, o0x7fa30e3563d8, o0x7fa30e356408, C4<1>, C4<1>;
L_0x562d89429d50 .functor AND 1, o0x7fa30e356408, o0x7fa30e356438, C4<1>, C4<1>;
L_0x562d89429e40 .functor OR 1, L_0x562d89429c10, L_0x562d89429d50, C4<0>, C4<0>;
L_0x562d89429f50 .functor AND 1, o0x7fa30e3563d8, o0x7fa30e356438, C4<1>, C4<1>;
L_0x562d8942a000 .functor OR 1, L_0x562d89429e40, L_0x562d89429f50, C4<0>, C4<0>;
v0x562d89426d10_0 .net *"_s0", 0 0, L_0x562d89429a80;  1 drivers
v0x562d89426e10_0 .net *"_s10", 0 0, L_0x562d89429f50;  1 drivers
v0x562d89426ef0_0 .net *"_s4", 0 0, L_0x562d89429c10;  1 drivers
v0x562d89426fb0_0 .net *"_s6", 0 0, L_0x562d89429d50;  1 drivers
v0x562d89427090_0 .net *"_s8", 0 0, L_0x562d89429e40;  1 drivers
v0x562d894271c0_0 .net "a", 0 0, o0x7fa30e3563d8;  0 drivers
v0x562d89427280_0 .net "b", 0 0, o0x7fa30e356408;  0 drivers
v0x562d89427340_0 .net "c_in", 0 0, o0x7fa30e356438;  0 drivers
v0x562d89427400_0 .net "c_out", 0 0, L_0x562d8942a000;  1 drivers
v0x562d894274c0_0 .net "s", 0 0, L_0x562d89429b20;  1 drivers
S_0x562d894024c0 .scope module, "half_adder" "half_adder" 2 8;
 .timescale 0 0;
    .port_info 0 /INPUT 1 "a"
    .port_info 1 /INPUT 1 "b"
    .port_info 2 /OUTPUT 1 "s"
    .port_info 3 /OUTPUT 1 "c_out"
o0x7fa30e3565b8 .functor BUFZ 1, C4<z>; HiZ drive
o0x7fa30e3565e8 .functor BUFZ 1, C4<z>; HiZ drive
L_0x562d8942a110 .functor XOR 1, o0x7fa30e3565b8, o0x7fa30e3565e8, C4<0>, C4<0>;
L_0x562d8942a180 .functor AND 1, o0x7fa30e3565b8, o0x7fa30e3565e8, C4<1>, C4<1>;
v0x562d89427620_0 .net "a", 0 0, o0x7fa30e3565b8;  0 drivers
v0x562d89427700_0 .net "b", 0 0, o0x7fa30e3565e8;  0 drivers
v0x562d894277c0_0 .net "c_out", 0 0, L_0x562d8942a180;  1 drivers
v0x562d89427860_0 .net "s", 0 0, L_0x562d8942a110;  1 drivers
S_0x562d893f38f0 .scope module, "mux_2_1" "mux_2_1" 2 14;
 .timescale 0 0;
    .port_info 0 /INPUT 1 "i0"
    .port_info 1 /INPUT 1 "i1"
    .port_info 2 /INPUT 1 "j"
    .port_info 3 /OUTPUT 1 "o"
o0x7fa30e356828 .functor BUFZ 1, C4<z>; HiZ drive
L_0x562d8942a290 .functor NOT 1, o0x7fa30e356828, C4<0>, C4<0>, C4<0>;
o0x7fa30e3567c8 .functor BUFZ 1, C4<z>; HiZ drive
L_0x562d8942a300 .functor AND 1, o0x7fa30e3567c8, L_0x562d8942a290, C4<1>, C4<1>;
o0x7fa30e3567f8 .functor BUFZ 1, C4<z>; HiZ drive
L_0x562d8942a420 .functor AND 1, o0x7fa30e3567f8, o0x7fa30e356828, C4<1>, C4<1>;
L_0x562d8942a510 .functor OR 1, L_0x562d8942a300, L_0x562d8942a420, C4<0>, C4<0>;
v0x562d894279d0_0 .net *"_s0", 0 0, L_0x562d8942a290;  1 drivers
v0x562d89427ad0_0 .net *"_s2", 0 0, L_0x562d8942a300;  1 drivers
v0x562d89427bb0_0 .net *"_s4", 0 0, L_0x562d8942a420;  1 drivers
v0x562d89427c70_0 .net "i0", 0 0, o0x7fa30e3567c8;  0 drivers
v0x562d89427d30_0 .net "i1", 0 0, o0x7fa30e3567f8;  0 drivers
v0x562d89427df0_0 .net "j", 0 0, o0x7fa30e356828;  0 drivers
v0x562d89427eb0_0 .net "o", 0 0, L_0x562d8942a510;  1 drivers
S_0x562d893f3ac0 .scope module, "tb" "tb" 3 4;
 .timescale -9 -10;
v0x562d89429090_0 .var "clk", 0 0;
v0x562d89429150_0 .var "d", 0 0;
v0x562d89429220_0 .var/i "i", 31 0;
v0x562d894292f0_0 .net "not_q", 0 0, L_0x562d8942aad0;  1 drivers
v0x562d894293e0_0 .net "q", 0 0, L_0x562d8942a9a0;  1 drivers
v0x562d89429520_0 .var "reset", 0 0;
v0x562d894295c0 .array "test_vecs", 7 0, 0 0;
S_0x562d89427ff0 .scope module, "dfl_0" "d_flip_flop" 3 27, 2 37 0, S_0x562d893f3ac0;
 .timescale 0 0;
    .port_info 0 /INPUT 1 "d"
    .port_info 1 /INPUT 1 "clk"
    .port_info 2 /OUTPUT 1 "q"
    .port_info 3 /OUTPUT 1 "not_q"
L_0x562d8942a650 .functor NOT 1, v0x562d89429150_0, C4<0>, C4<0>, C4<0>;
L_0x562d8942a710 .functor AND 1, v0x562d89429090_0, L_0x562d8942a650, C4<1>, C4<1>;
L_0x562d8942a870 .functor AND 1, v0x562d89429090_0, v0x562d89429150_0, C4<1>, C4<1>;
v0x562d89428aa0_0 .net *"_s0", 0 0, L_0x562d8942a650;  1 drivers
v0x562d89428ba0_0 .net "clk", 0 0, v0x562d89429090_0;  1 drivers
v0x562d89428c60_0 .net "d", 0 0, v0x562d89429150_0;  1 drivers
v0x562d89428d00_0 .net "not_q", 0 0, L_0x562d8942aad0;  alias, 1 drivers
v0x562d89428dd0_0 .net "q", 0 0, L_0x562d8942a9a0;  alias, 1 drivers
v0x562d89428ec0_0 .net "r", 0 0, L_0x562d8942a710;  1 drivers
v0x562d89428f90_0 .net "s", 0 0, L_0x562d8942a870;  1 drivers
S_0x562d89428250 .scope module, "sr_1" "sr_latch" 2 41, 2 31 0, S_0x562d89427ff0;
 .timescale 0 0;
    .port_info 0 /INPUT 1 "s"
    .port_info 1 /INPUT 1 "r"
    .port_info 2 /OUTPUT 1 "q"
    .port_info 3 /OUTPUT 1 "not_q"
L_0x562d8942a930 .functor OR 1, L_0x562d8942a710, L_0x562d8942aad0, C4<0>, C4<0>;
L_0x562d8942a9a0 .functor NOT 1, L_0x562d8942a930, C4<0>, C4<0>, C4<0>;
L_0x562d8942aa60 .functor OR 1, L_0x562d8942a870, L_0x562d8942a9a0, C4<0>, C4<0>;
L_0x562d8942aad0 .functor NOT 1, L_0x562d8942aa60, C4<0>, C4<0>, C4<0>;
v0x562d894284e0_0 .net *"_s0", 0 0, L_0x562d8942a930;  1 drivers
v0x562d894285e0_0 .net *"_s4", 0 0, L_0x562d8942aa60;  1 drivers
v0x562d894286c0_0 .net "not_q", 0 0, L_0x562d8942aad0;  alias, 1 drivers
v0x562d89428790_0 .net "q", 0 0, L_0x562d8942a9a0;  alias, 1 drivers
v0x562d89428850_0 .net "r", 0 0, L_0x562d8942a710;  alias, 1 drivers
v0x562d89428960_0 .net "s", 0 0, L_0x562d8942a870;  alias, 1 drivers
    .scope S_0x562d893f3ac0;
T_0 ;
    %vpi_call 3 10 "$dumpfile", "BasicModules.vcd" {0 0 0};
    %vpi_call 3 10 "$dumpvars", 32'sb00000000000000000000000000000000, S_0x562d893f3ac0 {0 0 0};
    %end;
    .thread T_0;
    .scope S_0x562d893f3ac0;
T_1 ;
    %pushi/vec4 1, 0, 1;
    %store/vec4 v0x562d89429520_0, 0, 1;
    %delay 125, 0;
    %pushi/vec4 0, 0, 1;
    %store/vec4 v0x562d89429520_0, 0, 1;
    %end;
    .thread T_1;
    .scope S_0x562d893f3ac0;
T_2 ;
    %pushi/vec4 0, 0, 1;
    %store/vec4 v0x562d89429090_0, 0, 1;
    %end;
    .thread T_2;
    .scope S_0x562d893f3ac0;
T_3 ;
    %delay 50, 0;
    %load/vec4 v0x562d89429090_0;
    %inv;
    %store/vec4 v0x562d89429090_0, 0, 1;
    %jmp T_3;
    .thread T_3;
    .scope S_0x562d893f3ac0;
T_4 ;
    %pushi/vec4 0, 0, 1;
    %ix/load 4, 0, 0;
    %flag_set/imm 4, 0;
    %store/vec4a v0x562d894295c0, 4, 0;
    %pushi/vec4 0, 0, 1;
    %ix/load 4, 1, 0;
    %flag_set/imm 4, 0;
    %store/vec4a v0x562d894295c0, 4, 0;
    %pushi/vec4 1, 0, 1;
    %ix/load 4, 2, 0;
    %flag_set/imm 4, 0;
    %store/vec4a v0x562d894295c0, 4, 0;
    %pushi/vec4 1, 0, 1;
    %ix/load 4, 3, 0;
    %flag_set/imm 4, 0;
    %store/vec4a v0x562d894295c0, 4, 0;
    %pushi/vec4 1, 0, 1;
    %ix/load 4, 4, 0;
    %flag_set/imm 4, 0;
    %store/vec4a v0x562d894295c0, 4, 0;
    %pushi/vec4 0, 0, 1;
    %ix/load 4, 5, 0;
    %flag_set/imm 4, 0;
    %store/vec4a v0x562d894295c0, 4, 0;
    %pushi/vec4 1, 0, 1;
    %ix/load 4, 6, 0;
    %flag_set/imm 4, 0;
    %store/vec4a v0x562d894295c0, 4, 0;
    %pushi/vec4 0, 0, 1;
    %ix/load 4, 7, 0;
    %flag_set/imm 4, 0;
    %store/vec4a v0x562d894295c0, 4, 0;
    %end;
    .thread T_4;
    .scope S_0x562d893f3ac0;
T_5 ;
    %pushi/vec4 0, 0, 1;
    %store/vec4 v0x562d89429150_0, 0, 1;
    %end;
    .thread T_5;
    .scope S_0x562d893f3ac0;
T_6 ;
    %delay 60, 0;
    %pushi/vec4 0, 0, 32;
    %store/vec4 v0x562d89429220_0, 0, 32;
T_6.0 ;
    %load/vec4 v0x562d89429220_0;
    %cmpi/s 8, 0, 32;
    %jmp/0xz T_6.1, 5;
    %delay 100, 0;
    %ix/getv/s 4, v0x562d89429220_0;
    %load/vec4a v0x562d894295c0, 4;
    %store/vec4 v0x562d89429150_0, 0, 1;
    %load/vec4 v0x562d89429220_0;
    %addi 1, 0, 32;
    %store/vec4 v0x562d89429220_0, 0, 32;
    %jmp T_6.0;
T_6.1 ;
    %delay 1000, 0;
    %vpi_call 3 31 "$finish" {0 0 0};
    %end;
    .thread T_6;
# The file index is used to find the file name in the following table.
:file_names 4;
    "N/A";
    "<interactive>";
    "BasicModules.v";
    "testbench.v";
